<?xml version="1.0" encoding="UTF-8"?>
<!-- Generated by org.testng.reporters.JUnitReportReporter -->
<testsuite hostname="LAPTOP-DOBLN3AU" failures="0" tests="1" name="com.sportyshoe.SeleniumCucumberScripts.SetupCheck" time="8.437" errors="0" timestamp="2023-11-15T09:32:54 IST" skipped="0">
  <testcase classname="com.sportyshoe.SeleniumCucumberScripts.SetupCheck" name="test_setup_selenium" time="8.437"/>
  <system-out/>
</testsuite> <!-- com.sportyshoe.SeleniumCucumberScripts.SetupCheck -->
