<?xml version="1.0" encoding="UTF-8"?>
<!-- Generated by org.testng.reporters.JUnitReportReporter -->
<testsuite hostname="LAPTOP-DOBLN3AU" failures="0" tests="3" name="com.sportyshoe.restAssuredScripts.PostandPutnewShoe" time="4.231" errors="0" timestamp="2023-11-14T10:29:37 IST" skipped="0">
  <testcase classname="com.sportyshoe.restAssuredScripts.PostandPutnewShoe" name="add_new_product" time="4.080"/>
  <system-out/>
  <testcase classname="com.sportyshoe.restAssuredScripts.PostandPutnewShoe" name="update_a_product" time="0.093"/>
  <system-out/>
  <testcase classname="com.sportyshoe.restAssuredScripts.PostandPutnewShoe" name="delete_product" time="0.058"/>
  <system-out/>
</testsuite> <!-- com.sportyshoe.restAssuredScripts.PostandPutnewShoe -->
