<?xml version="1.0" encoding="UTF-8"?>
<!-- Generated by org.testng.reporters.JUnitReportReporter -->
<testsuite hostname="LAPTOP-DOBLN3AU" failures="0" tests="5" name="com.sportyshoe.Tests.RegisterPageTest" time="2.468" errors="0" timestamp="2023-11-15T10:02:46 IST" skipped="0">
  <testcase classname="com.sportyshoe.Tests.RegisterPageTest" name="test_click_register_link" time="1.735"/>
  <system-out/>
  <testcase classname="com.sportyshoe.Tests.RegisterPageTest" name="test_getTitle_page" time="0.053"/>
  <system-out/>
  <testcase classname="com.sportyshoe.Tests.RegisterPageTest" name="Test_register_user" time="0.620"/>
  <system-out/>
  <testcase classname="com.sportyshoe.Tests.RegisterPageTest" name="Test_validate_registration_URL" time="0.012"/>
  <system-out/>
  <testcase classname="com.sportyshoe.Tests.RegisterPageTest" name="Test_validate_registration_Text" time="0.048"/>
  <system-out/>
</testsuite> <!-- com.sportyshoe.Tests.RegisterPageTest -->
