<?xml version="1.0" encoding="UTF-8"?>
<!-- Generated by org.testng.reporters.JUnitReportReporter -->
<testsuite hostname="LAPTOP-DOBLN3AU" failures="0" tests="3" name="com.sportyshoe.Tests.LoginPageTest" time="1.694" errors="0" timestamp="2023-11-15T10:21:40 IST" skipped="0">
  <testcase classname="com.sportyshoe.Tests.LoginPageTest" name="test_login" time="1.492"/>
  <system-out/>
  <testcase classname="com.sportyshoe.Tests.LoginPageTest" name="test_getTitle_page" time="0.141"/>
  <system-out/>
  <testcase classname="com.sportyshoe.Tests.LoginPageTest" name="Test_validate_registration_Text" time="0.061"/>
  <system-out/>
</testsuite> <!-- com.sportyshoe.Tests.LoginPageTest -->
