<?xml version="1.0" encoding="UTF-8"?>
<!-- Generated by org.testng.reporters.JUnitReportReporter -->
<testsuite hostname="LAPTOP-DOBLN3AU" failures="0" tests="3" name="com.sportyshoe.Tests.HomePageTest" time="2.012" errors="0" timestamp="2023-11-15T09:45:31 IST" skipped="0">
  <testcase classname="com.sportyshoe.Tests.HomePageTest" name="test_getTitle_page" time="0.021"/>
  <system-out/>
  <testcase classname="com.sportyshoe.Tests.HomePageTest" name="Test_Validate_Text_On_Page" time="0.077"/>
  <system-out/>
  <testcase classname="com.sportyshoe.Tests.HomePageTest" name="test_click_register_link" time="1.914"/>
  <system-out/>
</testsuite> <!-- com.sportyshoe.Tests.HomePageTest -->
