<?xml version="1.0" encoding="UTF-8"?>
<!-- Generated by org.testng.reporters.JUnitReportReporter -->
<testsuite hostname="LAPTOP-DOBLN3AU" failures="0" tests="3" name="com.sportyshoe.Tests.OrderpageTest" time="1.550" errors="0" timestamp="2023-11-15T10:53:08 IST" skipped="0">
  <testcase classname="com.sportyshoe.Tests.OrderpageTest" name="test_login" time="1.307"/>
  <system-out/>
  <testcase classname="com.sportyshoe.Tests.OrderpageTest" name="test_click_orders" time="0.212"/>
  <system-out/>
  <testcase classname="com.sportyshoe.Tests.OrderpageTest" name="test_getTitle_page" time="0.031"/>
  <system-out/>
</testsuite> <!-- com.sportyshoe.Tests.OrderpageTest -->
